This file contains any messages produced by compilers while
running configure, to aid debugging if configure makes a mistake.

It was created by libbson configure 1.3.5, which was
generated by GNU Autoconf 2.69.  Invocation command line was

  $ ./configure --prefix=/usr --libdir=/usr/lib64

## --------- ##
## Platform. ##
## --------- ##

hostname = sathish-VirtualBox
uname -m = x86_64
uname -r = 4.4.0-21-generic
uname -s = Linux
uname -v = #37-Ubuntu SMP Mon Apr 18 18:33:37 UTC 2016

/usr/bin/uname -p = unknown
/bin/uname -X     = unknown

/bin/arch              = unknown
/usr/bin/arch -k       = unknown
/usr/convex/getsysinfo = unknown
/usr/bin/hostinfo      = unknown
/bin/machine           = unknown
/usr/bin/oslevel       = unknown
/bin/universe          = unknown

PATH: /usr/local/sbin
PATH: /usr/local/bin
PATH: /usr/sbin
PATH: /usr/bin
PATH: /sbin
PATH: /bin
PATH: /usr/games
PATH: /usr/local/games


## ----------- ##
## Core tests. ##
## ----------- ##

configure:2444: Current version (from VERSION_CURRENT file): 1.3.5
configure:2555: checking for gcc
configure:2571: found /usr/bin/gcc
configure:2582: result: gcc
configure:2811: checking for C compiler version
configure:2820: gcc --version >&5
gcc (Ubuntu 5.4.0-6ubuntu1~16.04.4) 5.4.0 20160609
Copyright (C) 2015 Free Software Foundation, Inc.
This is free software; see the source for copying conditions.  There is NO
warranty; not even for MERCHANTABILITY or FITNESS FOR A PARTICULAR PURPOSE.

configure:2831: $? = 0
configure:2820: gcc -v >&5
Using built-in specs.
COLLECT_GCC=gcc
COLLECT_LTO_WRAPPER=/usr/lib/gcc/x86_64-linux-gnu/5/lto-wrapper
Target: x86_64-linux-gnu
Configured with: ../src/configure -v --with-pkgversion='Ubuntu 5.4.0-6ubuntu1~16.04.4' --with-bugurl=file:///usr/share/doc/gcc-5/README.Bugs --enable-languages=c,ada,c++,java,go,d,fortran,objc,obj-c++ --prefix=/usr --program-suffix=-5 --enable-shared --enable-linker-build-id --libexecdir=/usr/lib --without-included-gettext --enable-threads=posix --libdir=/usr/lib --enable-nls --with-sysroot=/ --enable-clocale=gnu --enable-libstdcxx-debug --enable-libstdcxx-time=yes --with-default-libstdcxx-abi=new --enable-gnu-unique-object --disable-vtable-verify --enable-libmpx --enable-plugin --with-system-zlib --disable-browser-plugin --enable-java-awt=gtk --enable-gtk-cairo --with-java-home=/usr/lib/jvm/java-1.5.0-gcj-5-amd64/jre --enable-java-home --with-jvm-root-dir=/usr/lib/jvm/java-1.5.0-gcj-5-amd64 --with-jvm-jar-dir=/usr/lib/jvm-exports/java-1.5.0-gcj-5-amd64 --with-arch-directory=amd64 --with-ecj-jar=/usr/share/java/eclipse-ecj.jar --enable-objc-gc --enable-multiarch --disable-werror --with-arch-32=i686 --with-abi=m64 --with-multilib-list=m32,m64,mx32 --enable-multilib --with-tune=generic --enable-checking=release --build=x86_64-linux-gnu --host=x86_64-linux-gnu --target=x86_64-linux-gnu
Thread model: posix
gcc version 5.4.0 20160609 (Ubuntu 5.4.0-6ubuntu1~16.04.4) 
configure:2831: $? = 0
configure:2820: gcc -V >&5
gcc: error: unrecognized command line option '-V'
gcc: fatal error: no input files
compilation terminated.
configure:2831: $? = 1
configure:2820: gcc -qversion >&5
gcc: error: unrecognized command line option '-qversion'
gcc: fatal error: no input files
compilation terminated.
configure:2831: $? = 1
configure:2851: checking whether the C compiler works
configure:2873: gcc    conftest.c  >&5
configure:2877: $? = 0
configure:2925: result: yes
configure:2928: checking for C compiler default output file name
configure:2930: result: a.out
configure:2936: checking for suffix of executables
configure:2943: gcc -o conftest    conftest.c  >&5
configure:2947: $? = 0
configure:2969: result: 
configure:2991: checking whether we are cross compiling
configure:2999: gcc -o conftest    conftest.c  >&5
configure:3003: $? = 0
configure:3010: ./conftest
configure:3014: $? = 0
configure:3029: result: no
configure:3034: checking for suffix of object files
configure:3056: gcc -c   conftest.c >&5
configure:3060: $? = 0
configure:3081: result: o
configure:3085: checking whether we are using the GNU C compiler
configure:3104: gcc -c   conftest.c >&5
configure:3104: $? = 0
configure:3113: result: yes
configure:3122: checking whether gcc accepts -g
configure:3142: gcc -c -g  conftest.c >&5
configure:3142: $? = 0
configure:3183: result: yes
configure:3200: checking for gcc option to accept ISO C89
configure:3263: gcc  -c   conftest.c >&5
configure:3263: $? = 0
configure:3276: result: none needed
configure:3304: checking whether gcc understands -c and -o together
configure:3326: gcc -c conftest.c -o conftest2.o
configure:3329: $? = 0
configure:3326: gcc -c conftest.c -o conftest2.o
configure:3329: $? = 0
configure:3341: result: yes
configure:3416: checking for g++
configure:3432: found /usr/bin/g++
configure:3443: result: g++
configure:3470: checking for C++ compiler version
configure:3479: g++ --version >&5
g++ (Ubuntu 5.4.0-6ubuntu1~16.04.4) 5.4.0 20160609
Copyright (C) 2015 Free Software Foundation, Inc.
This is free software; see the source for copying conditions.  There is NO
warranty; not even for MERCHANTABILITY or FITNESS FOR A PARTICULAR PURPOSE.

configure:3490: $? = 0
configure:3479: g++ -v >&5
Using built-in specs.
COLLECT_GCC=g++
COLLECT_LTO_WRAPPER=/usr/lib/gcc/x86_64-linux-gnu/5/lto-wrapper
Target: x86_64-linux-gnu
Configured with: ../src/configure -v --with-pkgversion='Ubuntu 5.4.0-6ubuntu1~16.04.4' --with-bugurl=file:///usr/share/doc/gcc-5/README.Bugs --enable-languages=c,ada,c++,java,go,d,fortran,objc,obj-c++ --prefix=/usr --program-suffix=-5 --enable-shared --enable-linker-build-id --libexecdir=/usr/lib --without-included-gettext --enable-threads=posix --libdir=/usr/lib --enable-nls --with-sysroot=/ --enable-clocale=gnu --enable-libstdcxx-debug --enable-libstdcxx-time=yes --with-default-libstdcxx-abi=new --enable-gnu-unique-object --disable-vtable-verify --enable-libmpx --enable-plugin --with-system-zlib --disable-browser-plugin --enable-java-awt=gtk --enable-gtk-cairo --with-java-home=/usr/lib/jvm/java-1.5.0-gcj-5-amd64/jre --enable-java-home --with-jvm-root-dir=/usr/lib/jvm/java-1.5.0-gcj-5-amd64 --with-jvm-jar-dir=/usr/lib/jvm-exports/java-1.5.0-gcj-5-amd64 --with-arch-directory=amd64 --with-ecj-jar=/usr/share/java/eclipse-ecj.jar --enable-objc-gc --enable-multiarch --disable-werror --with-arch-32=i686 --with-abi=m64 --with-multilib-list=m32,m64,mx32 --enable-multilib --with-tune=generic --enable-checking=release --build=x86_64-linux-gnu --host=x86_64-linux-gnu --target=x86_64-linux-gnu
Thread model: posix
gcc version 5.4.0 20160609 (Ubuntu 5.4.0-6ubuntu1~16.04.4) 
configure:3490: $? = 0
configure:3479: g++ -V >&5
g++: error: unrecognized command line option '-V'
g++: fatal error: no input files
compilation terminated.
configure:3490: $? = 1
configure:3479: g++ -qversion >&5
g++: error: unrecognized command line option '-qversion'
g++: fatal error: no input files
compilation terminated.
configure:3490: $? = 1
configure:3494: checking whether we are using the GNU C++ compiler
configure:3513: g++ -c   conftest.cpp >&5
configure:3513: $? = 0
configure:3522: result: yes
configure:3531: checking whether g++ accepts -g
configure:3551: g++ -c -g  conftest.cpp >&5
configure:3551: $? = 0
configure:3592: result: yes
configure:3648: gcc -c   conftest.c >&5
configure:3648: $? = 0
configure:3672: gcc -c   conftest.c >&5
configure:3672: $? = 0
configure:3691: gcc -c   conftest.c >&5
conftest.c:11:2: error: #error Not a supported Sun compiler
 #error Not a supported Sun compiler
  ^
configure:3691: $? = 1
configure: failed program was:
| /* confdefs.h */
| #define PACKAGE_NAME "libbson"
| #define PACKAGE_TARNAME "libbson"
| #define PACKAGE_VERSION "1.3.5"
| #define PACKAGE_STRING "libbson 1.3.5"
| #define PACKAGE_BUGREPORT "https://jira.mongodb.org/browse/CDRIVER"
| #define PACKAGE_URL ""
| /* end confdefs.h.  */
| 
| #if !(defined(__SUNPRO_C))
| #error Not a supported Sun compiler
| #endif
| 
| int
| main ()
| {
| 
|   ;
|   return 0;
| }
configure:3724: gcc -c   conftest.c >&5
configure:3724: $? = 0
configure:3732: checking for an ANSI C-conforming const
configure:3798: gcc -c   conftest.c >&5
configure:3798: $? = 0
configure:3805: result: yes
configure:3813: checking for inline
configure:3829: gcc -c   conftest.c >&5
configure:3829: $? = 0
configure:3837: result: inline
configure:3856: checking for typeof syntax and keyword spelling
configure:3887: gcc -c   conftest.c >&5
configure:3887: $? = 0
configure:3894: result: typeof
configure:3915: checking how to run the C preprocessor
configure:3946: gcc -E  conftest.c
configure:3946: $? = 0
configure:3960: gcc -E  conftest.c
conftest.c:10:28: fatal error: ac_nonexistent.h: No such file or directory
compilation terminated.
configure:3960: $? = 1
configure: failed program was:
| /* confdefs.h */
| #define PACKAGE_NAME "libbson"
| #define PACKAGE_TARNAME "libbson"
| #define PACKAGE_VERSION "1.3.5"
| #define PACKAGE_STRING "libbson 1.3.5"
| #define PACKAGE_BUGREPORT "https://jira.mongodb.org/browse/CDRIVER"
| #define PACKAGE_URL ""
| #define HAVE_TYPEOF 1
| /* end confdefs.h.  */
| #include <ac_nonexistent.h>
configure:3985: result: gcc -E
configure:4005: gcc -E  conftest.c
configure:4005: $? = 0
configure:4019: gcc -E  conftest.c
conftest.c:10:28: fatal error: ac_nonexistent.h: No such file or directory
compilation terminated.
configure:4019: $? = 1
configure: failed program was:
| /* confdefs.h */
| #define PACKAGE_NAME "libbson"
| #define PACKAGE_TARNAME "libbson"
| #define PACKAGE_VERSION "1.3.5"
| #define PACKAGE_STRING "libbson 1.3.5"
| #define PACKAGE_BUGREPORT "https://jira.mongodb.org/browse/CDRIVER"
| #define PACKAGE_URL ""
| #define HAVE_TYPEOF 1
| /* end confdefs.h.  */
| #include <ac_nonexistent.h>
configure:4048: checking for grep that handles long lines and -e
configure:4106: result: /bin/grep
configure:4111: checking for egrep
configure:4173: result: /bin/grep -E
configure:4178: checking for ANSI C header files
configure:4198: gcc -c   conftest.c >&5
configure:4198: $? = 0
configure:4271: gcc -o conftest    conftest.c  >&5
configure:4271: $? = 0
configure:4271: ./conftest
configure:4271: $? = 0
configure:4282: result: yes
configure:4295: checking for sys/types.h
configure:4295: gcc -c   conftest.c >&5
configure:4295: $? = 0
configure:4295: result: yes
configure:4295: checking for sys/stat.h
configure:4295: gcc -c   conftest.c >&5
configure:4295: $? = 0
configure:4295: result: yes
configure:4295: checking for stdlib.h
configure:4295: gcc -c   conftest.c >&5
configure:4295: $? = 0
configure:4295: result: yes
configure:4295: checking for string.h
configure:4295: gcc -c   conftest.c >&5
configure:4295: $? = 0
configure:4295: result: yes
configure:4295: checking for memory.h
configure:4295: gcc -c   conftest.c >&5
configure:4295: $? = 0
configure:4295: result: yes
configure:4295: checking for strings.h
configure:4295: gcc -c   conftest.c >&5
configure:4295: $? = 0
configure:4295: result: yes
configure:4295: checking for inttypes.h
configure:4295: gcc -c   conftest.c >&5
configure:4295: $? = 0
configure:4295: result: yes
configure:4295: checking for stdint.h
configure:4295: gcc -c   conftest.c >&5
configure:4295: $? = 0
configure:4295: result: yes
configure:4295: checking for unistd.h
configure:4295: gcc -c   conftest.c >&5
configure:4295: $? = 0
configure:4295: result: yes
configure:4307: checking for stdbool.h that conforms to C99
configure:4374: gcc -c   conftest.c >&5
configure:4374: $? = 0
configure:4381: result: yes
configure:4383: checking for _Bool
configure:4383: gcc -c   conftest.c >&5
configure:4383: $? = 0
configure:4383: gcc -c   conftest.c >&5
conftest.c: In function 'main':
conftest.c:56:20: error: expected expression before ')' token
 if (sizeof ((_Bool)))
                    ^
configure:4383: $? = 1
configure: failed program was:
| /* confdefs.h */
| #define PACKAGE_NAME "libbson"
| #define PACKAGE_TARNAME "libbson"
| #define PACKAGE_VERSION "1.3.5"
| #define PACKAGE_STRING "libbson 1.3.5"
| #define PACKAGE_BUGREPORT "https://jira.mongodb.org/browse/CDRIVER"
| #define PACKAGE_URL ""
| #define HAVE_TYPEOF 1
| #define STDC_HEADERS 1
| #define HAVE_SYS_TYPES_H 1
| #define HAVE_SYS_STAT_H 1
| #define HAVE_STDLIB_H 1
| #define HAVE_STRING_H 1
| #define HAVE_MEMORY_H 1
| #define HAVE_STRINGS_H 1
| #define HAVE_INTTYPES_H 1
| #define HAVE_STDINT_H 1
| #define HAVE_UNISTD_H 1
| /* end confdefs.h.  */
| #include <stdio.h>
| #ifdef HAVE_SYS_TYPES_H
| # include <sys/types.h>
| #endif
| #ifdef HAVE_SYS_STAT_H
| # include <sys/stat.h>
| #endif
| #ifdef STDC_HEADERS
| # include <stdlib.h>
| # include <stddef.h>
| #else
| # ifdef HAVE_STDLIB_H
| #  include <stdlib.h>
| # endif
| #endif
| #ifdef HAVE_STRING_H
| # if !defined STDC_HEADERS && defined HAVE_MEMORY_H
| #  include <memory.h>
| # endif
| # include <string.h>
| #endif
| #ifdef HAVE_STRINGS_H
| # include <strings.h>
| #endif
| #ifdef HAVE_INTTYPES_H
| # include <inttypes.h>
| #endif
| #ifdef HAVE_STDINT_H
| # include <stdint.h>
| #endif
| #ifdef HAVE_UNISTD_H
| # include <unistd.h>
| #endif
| int
| main ()
| {
| if (sizeof ((_Bool)))
| 	    return 0;
|   ;
|   return 0;
| }
configure:4383: result: yes
configure:4408: checking for stdint-types....
configure:4418: result: "(putting them into src/bson/bson-stdint.h)"
configure:4432: checking for uintptr_t
configure:4432: gcc -c   conftest.c >&5
configure:4432: $? = 0
configure:4432: gcc -c   conftest.c >&5
conftest.c: In function 'main':
conftest.c:27:24: error: expected expression before ')' token
 if (sizeof ((uintptr_t)))
                        ^
configure:4432: $? = 1
configure: failed program was:
| /* confdefs.h */
| #define PACKAGE_NAME "libbson"
| #define PACKAGE_TARNAME "libbson"
| #define PACKAGE_VERSION "1.3.5"
| #define PACKAGE_STRING "libbson 1.3.5"
| #define PACKAGE_BUGREPORT "https://jira.mongodb.org/browse/CDRIVER"
| #define PACKAGE_URL ""
| #define HAVE_TYPEOF 1
| #define STDC_HEADERS 1
| #define HAVE_SYS_TYPES_H 1
| #define HAVE_SYS_STAT_H 1
| #define HAVE_STDLIB_H 1
| #define HAVE_STRING_H 1
| #define HAVE_MEMORY_H 1
| #define HAVE_STRINGS_H 1
| #define HAVE_INTTYPES_H 1
| #define HAVE_STDINT_H 1
| #define HAVE_UNISTD_H 1
| #define HAVE__BOOL 1
| #define HAVE_STDBOOL_H 1
| /* end confdefs.h.  */
| #include <stdint.h>
| 
| int
| main ()
| {
| if (sizeof ((uintptr_t)))
| 	    return 0;
|   ;
|   return 0;
| }
configure:4432: result: yes
configure:4440: checking for uint64_t
configure:4440: gcc -c   conftest.c >&5
configure:4440: $? = 0
configure:4440: gcc -c   conftest.c >&5
conftest.c: In function 'main':
conftest.c:27:23: error: expected expression before ')' token
 if (sizeof ((uint64_t)))
                       ^
configure:4440: $? = 1
configure: failed program was:
| /* confdefs.h */
| #define PACKAGE_NAME "libbson"
| #define PACKAGE_TARNAME "libbson"
| #define PACKAGE_VERSION "1.3.5"
| #define PACKAGE_STRING "libbson 1.3.5"
| #define PACKAGE_BUGREPORT "https://jira.mongodb.org/browse/CDRIVER"
| #define PACKAGE_URL ""
| #define HAVE_TYPEOF 1
| #define STDC_HEADERS 1
| #define HAVE_SYS_TYPES_H 1
| #define HAVE_SYS_STAT_H 1
| #define HAVE_STDLIB_H 1
| #define HAVE_STRING_H 1
| #define HAVE_MEMORY_H 1
| #define HAVE_STRINGS_H 1
| #define HAVE_INTTYPES_H 1
| #define HAVE_STDINT_H 1
| #define HAVE_UNISTD_H 1
| #define HAVE__BOOL 1
| #define HAVE_STDBOOL_H 1
| /* end confdefs.h.  */
| #include<stdint.h>
| 
| int
| main ()
| {
| if (sizeof ((uint64_t)))
| 	    return 0;
|   ;
|   return 0;
| }
configure:4440: result: yes
configure:4448: result: ... seen our uintptr_t in stdint.h (uint64_t too)
configure:4713: result: creating src/bson/bson-stdint.h : _SRC_BSON_BSON_STDINT_H
configure:4740: checking for int_least32_t
configure:4740: gcc -c   conftest.c >&5
configure:4740: $? = 0
configure:4740: gcc -c   conftest.c >&5
conftest.c: In function 'main':
conftest.c:27:28: error: expected expression before ')' token
 if (sizeof ((int_least32_t)))
                            ^
configure:4740: $? = 1
configure: failed program was:
| /* confdefs.h */
| #define PACKAGE_NAME "libbson"
| #define PACKAGE_TARNAME "libbson"
| #define PACKAGE_VERSION "1.3.5"
| #define PACKAGE_STRING "libbson 1.3.5"
| #define PACKAGE_BUGREPORT "https://jira.mongodb.org/browse/CDRIVER"
| #define PACKAGE_URL ""
| #define HAVE_TYPEOF 1
| #define STDC_HEADERS 1
| #define HAVE_SYS_TYPES_H 1
| #define HAVE_SYS_STAT_H 1
| #define HAVE_STDLIB_H 1
| #define HAVE_STRING_H 1
| #define HAVE_MEMORY_H 1
| #define HAVE_STRINGS_H 1
| #define HAVE_INTTYPES_H 1
| #define HAVE_STDINT_H 1
| #define HAVE_UNISTD_H 1
| #define HAVE__BOOL 1
| #define HAVE_STDBOOL_H 1
| /* end confdefs.h.  */
| #include <stdint.h>
| 
| int
| main ()
| {
| if (sizeof ((int_least32_t)))
| 	    return 0;
|   ;
|   return 0;
| }
configure:4740: result: yes
configure:4746: checking for int_fast32_t
configure:4746: gcc -c   conftest.c >&5
configure:4746: $? = 0
configure:4746: gcc -c   conftest.c >&5
conftest.c: In function 'main':
conftest.c:27:27: error: expected expression before ')' token
 if (sizeof ((int_fast32_t)))
                           ^
configure:4746: $? = 1
configure: failed program was:
| /* confdefs.h */
| #define PACKAGE_NAME "libbson"
| #define PACKAGE_TARNAME "libbson"
| #define PACKAGE_VERSION "1.3.5"
| #define PACKAGE_STRING "libbson 1.3.5"
| #define PACKAGE_BUGREPORT "https://jira.mongodb.org/browse/CDRIVER"
| #define PACKAGE_URL ""
| #define HAVE_TYPEOF 1
| #define STDC_HEADERS 1
| #define HAVE_SYS_TYPES_H 1
| #define HAVE_SYS_STAT_H 1
| #define HAVE_STDLIB_H 1
| #define HAVE_STRING_H 1
| #define HAVE_MEMORY_H 1
| #define HAVE_STRINGS_H 1
| #define HAVE_INTTYPES_H 1
| #define HAVE_STDINT_H 1
| #define HAVE_UNISTD_H 1
| #define HAVE__BOOL 1
| #define HAVE_STDBOOL_H 1
| /* end confdefs.h.  */
| #include<stdint.h>
| 
| int
| main ()
| {
| if (sizeof ((int_fast32_t)))
| 	    return 0;
|   ;
|   return 0;
| }
configure:4746: result: yes
configure:4759: result: ..adding include stdint.h
configure:4769: result: ... seen good stdint.h inttypes
configure:4905: result: ... seen good uint64_t
configure:5125: result: ... DONE src/bson/bson-stdint.h
configure:5137: checking for perl
configure:5155: found /usr/bin/perl
configure:5167: result: /usr/bin/perl
configure:5181: checking for mv
configure:5199: found /bin/mv
configure:5211: result: /bin/mv
configure:5225: checking for grep
configure:5255: result: /bin/grep
configure:5270: checking for yelp-build
configure:5303: result: no
configure:5323: checking for a BSD-compatible install
configure:5391: result: /usr/bin/install -c
configure:5407: checking build system type
configure:5421: result: x86_64-unknown-linux-gnu
configure:5441: checking host system type
configure:5454: result: x86_64-unknown-linux-gnu
configure:5520: checking target system type
configure:5533: result: x86_64-unknown-linux-gnu
configure:5592: checking whether byte ordering is bigendian
configure:5607: gcc -c   conftest.c >&5
conftest.c:23:9: error: unknown type name 'not'
         not a universal capable compiler
         ^
conftest.c:23:15: error: expected '=', ',', ';', 'asm' or '__attribute__' before 'universal'
         not a universal capable compiler
               ^
conftest.c:23:15: error: unknown type name 'universal'
configure:5607: $? = 1
configure: failed program was:
| /* confdefs.h */
| #define PACKAGE_NAME "libbson"
| #define PACKAGE_TARNAME "libbson"
| #define PACKAGE_VERSION "1.3.5"
| #define PACKAGE_STRING "libbson 1.3.5"
| #define PACKAGE_BUGREPORT "https://jira.mongodb.org/browse/CDRIVER"
| #define PACKAGE_URL ""
| #define HAVE_TYPEOF 1
| #define STDC_HEADERS 1
| #define HAVE_SYS_TYPES_H 1
| #define HAVE_SYS_STAT_H 1
| #define HAVE_STDLIB_H 1
| #define HAVE_STRING_H 1
| #define HAVE_MEMORY_H 1
| #define HAVE_STRINGS_H 1
| #define HAVE_INTTYPES_H 1
| #define HAVE_STDINT_H 1
| #define HAVE_UNISTD_H 1
| #define HAVE__BOOL 1
| #define HAVE_STDBOOL_H 1
| /* end confdefs.h.  */
| #ifndef __APPLE_CC__
| 	       not a universal capable compiler
| 	     #endif
| 	     typedef int dummy;
| 
configure:5652: gcc -c   conftest.c >&5
configure:5652: $? = 0
configure:5670: gcc -c   conftest.c >&5
conftest.c: In function 'main':
conftest.c:29:4: error: unknown type name 'not'
    not big endian
    ^
conftest.c:29:12: error: expected '=', ',', ';', 'asm' or '__attribute__' before 'endian'
    not big endian
            ^
configure:5670: $? = 1
configure: failed program was:
| /* confdefs.h */
| #define PACKAGE_NAME "libbson"
| #define PACKAGE_TARNAME "libbson"
| #define PACKAGE_VERSION "1.3.5"
| #define PACKAGE_STRING "libbson 1.3.5"
| #define PACKAGE_BUGREPORT "https://jira.mongodb.org/browse/CDRIVER"
| #define PACKAGE_URL ""
| #define HAVE_TYPEOF 1
| #define STDC_HEADERS 1
| #define HAVE_SYS_TYPES_H 1
| #define HAVE_SYS_STAT_H 1
| #define HAVE_STDLIB_H 1
| #define HAVE_STRING_H 1
| #define HAVE_MEMORY_H 1
| #define HAVE_STRINGS_H 1
| #define HAVE_INTTYPES_H 1
| #define HAVE_STDINT_H 1
| #define HAVE_UNISTD_H 1
| #define HAVE__BOOL 1
| #define HAVE_STDBOOL_H 1
| /* end confdefs.h.  */
| #include <sys/types.h>
| 		#include <sys/param.h>
| 
| int
| main ()
| {
| #if BYTE_ORDER != BIG_ENDIAN
| 		 not big endian
| 		#endif
| 
|   ;
|   return 0;
| }
configure:5798: result: no
configure:6207: checking how to print strings
configure:6234: result: printf
configure:6255: checking for a sed that does not truncate output
configure:6319: result: /bin/sed
configure:6337: checking for fgrep
configure:6399: result: /bin/grep -F
configure:6434: checking for ld used by gcc
configure:6501: result: /usr/bin/ld
configure:6508: checking if the linker (/usr/bin/ld) is GNU ld
configure:6523: result: yes
configure:6535: checking for BSD- or MS-compatible name lister (nm)
configure:6584: result: /usr/bin/nm -B
configure:6714: checking the name lister (/usr/bin/nm -B) interface
configure:6721: gcc -c   conftest.c >&5
configure:6724: /usr/bin/nm -B "conftest.o"
configure:6727: output
0000000000000000 B some_variable
configure:6734: result: BSD nm
configure:6737: checking whether ln -s works
configure:6741: result: yes
configure:6749: checking the maximum length of command line arguments
configure:6880: result: 1572864
configure:6897: checking whether the shell understands some XSI constructs
configure:6907: result: yes
configure:6911: checking whether the shell understands "+="
configure:6917: result: yes
configure:6952: checking how to convert x86_64-unknown-linux-gnu file names to x86_64-unknown-linux-gnu format
configure:6992: result: func_convert_file_noop
configure:6999: checking how to convert x86_64-unknown-linux-gnu file names to toolchain format
configure:7019: result: func_convert_file_noop
configure:7026: checking for /usr/bin/ld option to reload object files
configure:7033: result: -r
configure:7107: checking for objdump
configure:7134: result: objdump
configure:7163: checking how to recognize dependent libraries
configure:7361: result: pass_all
configure:7446: checking for dlltool
configure:7473: result: dlltool
configure:7503: checking how to associate runtime and link libraries
configure:7530: result: printf %s\n
configure:7590: checking for ar
configure:7606: found /usr/bin/ar
configure:7617: result: ar
configure:7654: checking for archiver @FILE support
configure:7671: gcc -c   conftest.c >&5
configure:7671: $? = 0
configure:7674: ar cru libconftest.a @conftest.lst >&5
ar: `u' modifier ignored since `D' is the default (see `U')
configure:7677: $? = 0
configure:7682: ar cru libconftest.a @conftest.lst >&5
ar: `u' modifier ignored since `D' is the default (see `U')
ar: conftest.o: No such file or directory
configure:7685: $? = 1
configure:7697: result: @
configure:7755: checking for strip
configure:7771: found /usr/bin/strip
configure:7782: result: strip
configure:7854: checking for ranlib
configure:7870: found /usr/bin/ranlib
configure:7881: result: ranlib
configure:7958: checking for gawk
configure:7974: found /usr/bin/gawk
configure:7985: result: gawk
configure:8025: checking command to parse /usr/bin/nm -B output from gcc object
configure:8145: gcc -c   conftest.c >&5
configure:8148: $? = 0
configure:8152: /usr/bin/nm -B conftest.o \| sed -n -e 's/^.*[ ]\([ABCDGIRSTW][ABCDGIRSTW]*\)[ ][ ]*\([_A-Za-z][_A-Za-z0-9]*\)$/\1 \2 \2/p' | sed '/ __gnu_lto/d' \> conftest.nm
configure:8155: $? = 0
configure:8221: gcc -o conftest    conftest.c conftstm.o >&5
configure:8224: $? = 0
configure:8262: result: ok
configure:8299: checking for sysroot
configure:8329: result: no
configure:8406: gcc -c   conftest.c >&5
configure:8409: $? = 0
configure:8598: checking for mt
configure:8614: found /bin/mt
configure:8625: result: mt
configure:8648: checking if mt is a manifest tool
configure:8654: mt '-?'
configure:8662: result: no
configure:9301: checking for dlfcn.h
configure:9301: gcc -c   conftest.c >&5
configure:9301: $? = 0
configure:9301: result: yes
configure:9486: checking for objdir
configure:9501: result: .libs
configure:9772: checking if gcc supports -fno-rtti -fno-exceptions
configure:9790: gcc -c   -fno-rtti -fno-exceptions conftest.c >&5
cc1: warning: command line option '-fno-rtti' is valid for C++/ObjC++ but not for C
configure:9794: $? = 0
configure:9807: result: no
configure:10134: checking for gcc option to produce PIC
configure:10141: result: -fPIC -DPIC
configure:10149: checking if gcc PIC flag -fPIC -DPIC works
configure:10167: gcc -c   -fPIC -DPIC -DPIC conftest.c >&5
configure:10171: $? = 0
configure:10184: result: yes
configure:10213: checking if gcc static flag -static works
configure:10241: result: yes
configure:10256: checking if gcc supports -c -o file.o
configure:10277: gcc -c   -o out/conftest2.o conftest.c >&5
configure:10281: $? = 0
configure:10303: result: yes
configure:10311: checking if gcc supports -c -o file.o
configure:10358: result: yes
configure:10391: checking whether the gcc linker (/usr/bin/ld -m elf_x86_64) supports shared libraries
configure:11548: result: yes
configure:11585: checking whether -lc should be explicitly linked in
configure:11593: gcc -c   conftest.c >&5
configure:11596: $? = 0
configure:11611: gcc -shared  -fPIC -DPIC conftest.o  -v -Wl,-soname -Wl,conftest -o conftest 2\>\&1 \| /bin/grep  -lc  \>/dev/null 2\>\&1
configure:11614: $? = 0
configure:11628: result: no
configure:11788: checking dynamic linker characteristics
configure:12288: gcc -o conftest    -Wl,-rpath -Wl,/foo conftest.c  >&5
configure:12288: $? = 0
configure:12522: result: GNU/Linux ld.so
configure:12629: checking how to hardcode library paths into programs
configure:12654: result: immediate
configure:13194: checking whether stripping libraries is possible
configure:13199: result: yes
configure:13234: checking if libtool supports shared libraries
configure:13236: result: yes
configure:13239: checking whether to build shared libraries
configure:13260: result: yes
configure:13263: checking whether to build static libraries
configure:13267: result: no
configure:13290: checking how to run the C++ preprocessor
configure:13317: g++ -E  conftest.cpp
configure:13317: $? = 0
configure:13331: g++ -E  conftest.cpp
conftest.cpp:24:28: fatal error: ac_nonexistent.h: No such file or directory
compilation terminated.
configure:13331: $? = 1
configure: failed program was:
| /* confdefs.h */
| #define PACKAGE_NAME "libbson"
| #define PACKAGE_TARNAME "libbson"
| #define PACKAGE_VERSION "1.3.5"
| #define PACKAGE_STRING "libbson 1.3.5"
| #define PACKAGE_BUGREPORT "https://jira.mongodb.org/browse/CDRIVER"
| #define PACKAGE_URL ""
| #define HAVE_TYPEOF 1
| #define STDC_HEADERS 1
| #define HAVE_SYS_TYPES_H 1
| #define HAVE_SYS_STAT_H 1
| #define HAVE_STDLIB_H 1
| #define HAVE_STRING_H 1
| #define HAVE_MEMORY_H 1
| #define HAVE_STRINGS_H 1
| #define HAVE_INTTYPES_H 1
| #define HAVE_STDINT_H 1
| #define HAVE_UNISTD_H 1
| #define HAVE__BOOL 1
| #define HAVE_STDBOOL_H 1
| #define HAVE_DLFCN_H 1
| #define LT_OBJDIR ".libs/"
| /* end confdefs.h.  */
| #include <ac_nonexistent.h>
configure:13356: result: g++ -E
configure:13376: g++ -E  conftest.cpp
configure:13376: $? = 0
configure:13390: g++ -E  conftest.cpp
conftest.cpp:24:28: fatal error: ac_nonexistent.h: No such file or directory
compilation terminated.
configure:13390: $? = 1
configure: failed program was:
| /* confdefs.h */
| #define PACKAGE_NAME "libbson"
| #define PACKAGE_TARNAME "libbson"
| #define PACKAGE_VERSION "1.3.5"
| #define PACKAGE_STRING "libbson 1.3.5"
| #define PACKAGE_BUGREPORT "https://jira.mongodb.org/browse/CDRIVER"
| #define PACKAGE_URL ""
| #define HAVE_TYPEOF 1
| #define STDC_HEADERS 1
| #define HAVE_SYS_TYPES_H 1
| #define HAVE_SYS_STAT_H 1
| #define HAVE_STDLIB_H 1
| #define HAVE_STRING_H 1
| #define HAVE_MEMORY_H 1
| #define HAVE_STRINGS_H 1
| #define HAVE_INTTYPES_H 1
| #define HAVE_STDINT_H 1
| #define HAVE_UNISTD_H 1
| #define HAVE__BOOL 1
| #define HAVE_STDBOOL_H 1
| #define HAVE_DLFCN_H 1
| #define LT_OBJDIR ".libs/"
| /* end confdefs.h.  */
| #include <ac_nonexistent.h>
configure:13559: checking for ld used by g++
configure:13626: result: /usr/bin/ld -m elf_x86_64
configure:13633: checking if the linker (/usr/bin/ld -m elf_x86_64) is GNU ld
configure:13648: result: yes
configure:13703: checking whether the g++ linker (/usr/bin/ld -m elf_x86_64) supports shared libraries
configure:14705: result: yes
configure:14741: g++ -c   conftest.cpp >&5
configure:14744: $? = 0
configure:15264: checking for g++ option to produce PIC
configure:15271: result: -fPIC -DPIC
configure:15279: checking if g++ PIC flag -fPIC -DPIC works
configure:15297: g++ -c   -fPIC -DPIC -DPIC conftest.cpp >&5
configure:15301: $? = 0
configure:15314: result: yes
configure:15337: checking if g++ static flag -static works
configure:15365: result: yes
configure:15377: checking if g++ supports -c -o file.o
configure:15398: g++ -c   -o out/conftest2.o conftest.cpp >&5
configure:15402: $? = 0
configure:15424: result: yes
configure:15429: checking if g++ supports -c -o file.o
configure:15476: result: yes
configure:15506: checking whether the g++ linker (/usr/bin/ld -m elf_x86_64) supports shared libraries
configure:15545: result: yes
configure:15686: checking dynamic linker characteristics
configure:16354: result: GNU/Linux ld.so
configure:16407: checking how to hardcode library paths into programs
configure:16432: result: immediate
configure:16496: checking whether to do a debug build
configure:16505: result: no
configure:16508: checking whether to enable optimized builds
configure:16523: result: yes
configure:16526: checking whether to enable extra alignment of types
configure:16535: result: yes
configure:16554: checking whether to enable code coverage support
configure:16563: result: no
configure:16566: checking whether to enable debug symbols
configure:16587: result: no
configure:16627: checking for strnlen
configure:16627: gcc -o conftest    conftest.c  >&5
configure:16627: $? = 0
configure:16627: result: yes
configure:16637: checking for snprintf
configure:16637: gcc -o conftest    conftest.c  >&5
conftest.c:47:6: warning: conflicting types for built-in function 'snprintf'
 char snprintf ();
      ^
configure:16637: $? = 0
configure:16637: result: yes
configure:16649: checking for _set_output_format
configure:16649: gcc -o conftest    conftest.c  >&5
/tmp/ccpHT1P5.o: In function `main':
conftest.c:(.text+0xa): undefined reference to `_set_output_format'
collect2: error: ld returned 1 exit status
configure:16649: $? = 1
configure: failed program was:
| /* confdefs.h */
| #define PACKAGE_NAME "libbson"
| #define PACKAGE_TARNAME "libbson"
| #define PACKAGE_VERSION "1.3.5"
| #define PACKAGE_STRING "libbson 1.3.5"
| #define PACKAGE_BUGREPORT "https://jira.mongodb.org/browse/CDRIVER"
| #define PACKAGE_URL ""
| #define HAVE_TYPEOF 1
| #define STDC_HEADERS 1
| #define HAVE_SYS_TYPES_H 1
| #define HAVE_SYS_STAT_H 1
| #define HAVE_STDLIB_H 1
| #define HAVE_STRING_H 1
| #define HAVE_MEMORY_H 1
| #define HAVE_STRINGS_H 1
| #define HAVE_INTTYPES_H 1
| #define HAVE_STDINT_H 1
| #define HAVE_UNISTD_H 1
| #define HAVE__BOOL 1
| #define HAVE_STDBOOL_H 1
| #define HAVE_DLFCN_H 1
| #define LT_OBJDIR ".libs/"
| /* end confdefs.h.  */
| /* Define _set_output_format to an innocuous variant, in case <limits.h> declares _set_output_format.
|    For example, HP-UX 11i <limits.h> declares gettimeofday.  */
| #define _set_output_format innocuous__set_output_format
| 
| /* System header to define __stub macros and hopefully few prototypes,
|     which can conflict with char _set_output_format (); below.
|     Prefer <limits.h> to <assert.h> if __STDC__ is defined, since
|     <limits.h> exists even on freestanding compilers.  */
| 
| #ifdef __STDC__
| # include <limits.h>
| #else
| # include <assert.h>
| #endif
| 
| #undef _set_output_format
| 
| /* Override any GCC internal prototype to avoid an error.
|    Use char because int might match the return type of a GCC
|    builtin and then its argument prototype would still apply.  */
| #ifdef __cplusplus
| extern "C"
| #endif
| char _set_output_format ();
| /* The GNU C library defines this for functions which it implements
|     to always fail with ENOSYS.  Some functions are actually named
|     something starting with __ and the normal name is an alias.  */
| #if defined __stub__set_output_format || defined __stub____set_output_format
| choke me
| #endif
| 
| int
| main ()
| {
| return _set_output_format ();
|   ;
|   return 0;
| }
configure:16649: result: no
configure:16663: checking for struct timespec
configure:16663: gcc -c   conftest.c >&5
configure:16663: $? = 0
configure:16663: gcc -c   conftest.c >&5
conftest.c: In function 'main':
conftest.c:60:30: error: expected expression before ')' token
 if (sizeof ((struct timespec)))
                              ^
configure:16663: $? = 1
configure: failed program was:
| /* confdefs.h */
| #define PACKAGE_NAME "libbson"
| #define PACKAGE_TARNAME "libbson"
| #define PACKAGE_VERSION "1.3.5"
| #define PACKAGE_STRING "libbson 1.3.5"
| #define PACKAGE_BUGREPORT "https://jira.mongodb.org/browse/CDRIVER"
| #define PACKAGE_URL ""
| #define HAVE_TYPEOF 1
| #define STDC_HEADERS 1
| #define HAVE_SYS_TYPES_H 1
| #define HAVE_SYS_STAT_H 1
| #define HAVE_STDLIB_H 1
| #define HAVE_STRING_H 1
| #define HAVE_MEMORY_H 1
| #define HAVE_STRINGS_H 1
| #define HAVE_INTTYPES_H 1
| #define HAVE_STDINT_H 1
| #define HAVE_UNISTD_H 1
| #define HAVE__BOOL 1
| #define HAVE_STDBOOL_H 1
| #define HAVE_DLFCN_H 1
| #define LT_OBJDIR ".libs/"
| /* end confdefs.h.  */
| #include <stdio.h>
| #ifdef HAVE_SYS_TYPES_H
| # include <sys/types.h>
| #endif
| #ifdef HAVE_SYS_STAT_H
| # include <sys/stat.h>
| #endif
| #ifdef STDC_HEADERS
| # include <stdlib.h>
| # include <stddef.h>
| #else
| # ifdef HAVE_STDLIB_H
| #  include <stdlib.h>
| # endif
| #endif
| #ifdef HAVE_STRING_H
| # if !defined STDC_HEADERS && defined HAVE_MEMORY_H
| #  include <memory.h>
| # endif
| # include <string.h>
| #endif
| #ifdef HAVE_STRINGS_H
| # include <strings.h>
| #endif
| #ifdef HAVE_INTTYPES_H
| # include <inttypes.h>
| #endif
| #ifdef HAVE_STDINT_H
| # include <stdint.h>
| #endif
| #ifdef HAVE_UNISTD_H
| # include <unistd.h>
| #endif
| int
| main ()
| {
| if (sizeof ((struct timespec)))
| 	    return 0;
|   ;
|   return 0;
| }
configure:16663: result: yes
configure:16678: checking for library containing clock_gettime
configure:16709: gcc -o conftest    conftest.c  >&5
configure:16709: $? = 0
configure:16726: result: none required
configure:16852: checking if compiler needs -Werror to reject unknown flags
configure:16868: gcc -c  -Werror -Wunknown-warning-option -Wsizeof-array-argument  conftest.c >&5
gcc: error: unrecognized command line option '-Wunknown-warning-option'
configure:16868: $? = 1
configure: failed program was:
| /* confdefs.h */
| #define PACKAGE_NAME "libbson"
| #define PACKAGE_TARNAME "libbson"
| #define PACKAGE_VERSION "1.3.5"
| #define PACKAGE_STRING "libbson 1.3.5"
| #define PACKAGE_BUGREPORT "https://jira.mongodb.org/browse/CDRIVER"
| #define PACKAGE_URL ""
| #define HAVE_TYPEOF 1
| #define STDC_HEADERS 1
| #define HAVE_SYS_TYPES_H 1
| #define HAVE_SYS_STAT_H 1
| #define HAVE_STDLIB_H 1
| #define HAVE_STRING_H 1
| #define HAVE_MEMORY_H 1
| #define HAVE_STRINGS_H 1
| #define HAVE_INTTYPES_H 1
| #define HAVE_STDINT_H 1
| #define HAVE_UNISTD_H 1
| #define HAVE__BOOL 1
| #define HAVE_STDBOOL_H 1
| #define HAVE_DLFCN_H 1
| #define LT_OBJDIR ".libs/"
| #define HAVE_STRUCT_TIMESPEC 1
| /* end confdefs.h.  */
| int foo(void);
| int
| main ()
| {
| foo()
|   ;
|   return 0;
| }
configure:16873: result: no
configure:16939: checking for the pthreads library -lpthreads
configure:16977: gcc -o conftest      conftest.c -lpthreads  >&5
/usr/bin/ld: cannot find -lpthreads
collect2: error: ld returned 1 exit status
configure:16977: $? = 1
configure: failed program was:
| /* confdefs.h */
| #define PACKAGE_NAME "libbson"
| #define PACKAGE_TARNAME "libbson"
| #define PACKAGE_VERSION "1.3.5"
| #define PACKAGE_STRING "libbson 1.3.5"
| #define PACKAGE_BUGREPORT "https://jira.mongodb.org/browse/CDRIVER"
| #define PACKAGE_URL ""
| #define HAVE_TYPEOF 1
| #define STDC_HEADERS 1
| #define HAVE_SYS_TYPES_H 1
| #define HAVE_SYS_STAT_H 1
| #define HAVE_STDLIB_H 1
| #define HAVE_STRING_H 1
| #define HAVE_MEMORY_H 1
| #define HAVE_STRINGS_H 1
| #define HAVE_INTTYPES_H 1
| #define HAVE_STDINT_H 1
| #define HAVE_UNISTD_H 1
| #define HAVE__BOOL 1
| #define HAVE_STDBOOL_H 1
| #define HAVE_DLFCN_H 1
| #define LT_OBJDIR ".libs/"
| #define HAVE_STRUCT_TIMESPEC 1
| /* end confdefs.h.  */
| #include <pthread.h>
|                         static void routine(void *a) { a = 0; }
|                         static void *start_routine(void *a) { return a; }
| int
| main ()
| {
| pthread_t th; pthread_attr_t attr;
|                         pthread_create(&th, 0, start_routine, 0);
|                         pthread_join(th, 0);
|                         pthread_attr_init(&attr);
|                         pthread_cleanup_push(routine, 0);
|                         pthread_cleanup_pop(0) /* ; */
|   ;
|   return 0;
| }
configure:16986: result: no
configure:16884: checking whether pthreads work without any flags
configure:16977: gcc -o conftest      conftest.c   >&5
/tmp/ccSobJNT.o: In function `main':
conftest.c:(.text+0x55): undefined reference to `pthread_create'
conftest.c:(.text+0x69): undefined reference to `pthread_join'
conftest.c:(.text+0xdd): undefined reference to `__pthread_register_cancel'
conftest.c:(.text+0xe9): undefined reference to `__pthread_unregister_cancel'
collect2: error: ld returned 1 exit status
configure:16977: $? = 1
configure: failed program was:
| /* confdefs.h */
| #define PACKAGE_NAME "libbson"
| #define PACKAGE_TARNAME "libbson"
| #define PACKAGE_VERSION "1.3.5"
| #define PACKAGE_STRING "libbson 1.3.5"
| #define PACKAGE_BUGREPORT "https://jira.mongodb.org/browse/CDRIVER"
| #define PACKAGE_URL ""
| #define HAVE_TYPEOF 1
| #define STDC_HEADERS 1
| #define HAVE_SYS_TYPES_H 1
| #define HAVE_SYS_STAT_H 1
| #define HAVE_STDLIB_H 1
| #define HAVE_STRING_H 1
| #define HAVE_MEMORY_H 1
| #define HAVE_STRINGS_H 1
| #define HAVE_INTTYPES_H 1
| #define HAVE_STDINT_H 1
| #define HAVE_UNISTD_H 1
| #define HAVE__BOOL 1
| #define HAVE_STDBOOL_H 1
| #define HAVE_DLFCN_H 1
| #define LT_OBJDIR ".libs/"
| #define HAVE_STRUCT_TIMESPEC 1
| /* end confdefs.h.  */
| #include <pthread.h>
|                         static void routine(void *a) { a = 0; }
|                         static void *start_routine(void *a) { return a; }
| int
| main ()
| {
| pthread_t th; pthread_attr_t attr;
|                         pthread_create(&th, 0, start_routine, 0);
|                         pthread_join(th, 0);
|                         pthread_attr_init(&attr);
|                         pthread_cleanup_push(routine, 0);
|                         pthread_cleanup_pop(0) /* ; */
|   ;
|   return 0;
| }
configure:16986: result: no
configure:16889: checking whether pthreads work with -Kthread
configure:16977: gcc -o conftest  -Kthread    conftest.c   >&5
gcc: error: unrecognized command line option '-Kthread'
configure:16977: $? = 1
configure: failed program was:
| /* confdefs.h */
| #define PACKAGE_NAME "libbson"
| #define PACKAGE_TARNAME "libbson"
| #define PACKAGE_VERSION "1.3.5"
| #define PACKAGE_STRING "libbson 1.3.5"
| #define PACKAGE_BUGREPORT "https://jira.mongodb.org/browse/CDRIVER"
| #define PACKAGE_URL ""
| #define HAVE_TYPEOF 1
| #define STDC_HEADERS 1
| #define HAVE_SYS_TYPES_H 1
| #define HAVE_SYS_STAT_H 1
| #define HAVE_STDLIB_H 1
| #define HAVE_STRING_H 1
| #define HAVE_MEMORY_H 1
| #define HAVE_STRINGS_H 1
| #define HAVE_INTTYPES_H 1
| #define HAVE_STDINT_H 1
| #define HAVE_UNISTD_H 1
| #define HAVE__BOOL 1
| #define HAVE_STDBOOL_H 1
| #define HAVE_DLFCN_H 1
| #define LT_OBJDIR ".libs/"
| #define HAVE_STRUCT_TIMESPEC 1
| /* end confdefs.h.  */
| #include <pthread.h>
|                         static void routine(void *a) { a = 0; }
|                         static void *start_routine(void *a) { return a; }
| int
| main ()
| {
| pthread_t th; pthread_attr_t attr;
|                         pthread_create(&th, 0, start_routine, 0);
|                         pthread_join(th, 0);
|                         pthread_attr_init(&attr);
|                         pthread_cleanup_push(routine, 0);
|                         pthread_cleanup_pop(0) /* ; */
|   ;
|   return 0;
| }
configure:16986: result: no
configure:16889: checking whether pthreads work with -kthread
configure:16977: gcc -o conftest  -kthread    conftest.c   >&5
gcc: error: unrecognized command line option '-kthread'
configure:16977: $? = 1
configure: failed program was:
| /* confdefs.h */
| #define PACKAGE_NAME "libbson"
| #define PACKAGE_TARNAME "libbson"
| #define PACKAGE_VERSION "1.3.5"
| #define PACKAGE_STRING "libbson 1.3.5"
| #define PACKAGE_BUGREPORT "https://jira.mongodb.org/browse/CDRIVER"
| #define PACKAGE_URL ""
| #define HAVE_TYPEOF 1
| #define STDC_HEADERS 1
| #define HAVE_SYS_TYPES_H 1
| #define HAVE_SYS_STAT_H 1
| #define HAVE_STDLIB_H 1
| #define HAVE_STRING_H 1
| #define HAVE_MEMORY_H 1
| #define HAVE_STRINGS_H 1
| #define HAVE_INTTYPES_H 1
| #define HAVE_STDINT_H 1
| #define HAVE_UNISTD_H 1
| #define HAVE__BOOL 1
| #define HAVE_STDBOOL_H 1
| #define HAVE_DLFCN_H 1
| #define LT_OBJDIR ".libs/"
| #define HAVE_STRUCT_TIMESPEC 1
| /* end confdefs.h.  */
| #include <pthread.h>
|                         static void routine(void *a) { a = 0; }
|                         static void *start_routine(void *a) { return a; }
| int
| main ()
| {
| pthread_t th; pthread_attr_t attr;
|                         pthread_create(&th, 0, start_routine, 0);
|                         pthread_join(th, 0);
|                         pthread_attr_init(&attr);
|                         pthread_cleanup_push(routine, 0);
|                         pthread_cleanup_pop(0) /* ; */
|   ;
|   return 0;
| }
configure:16986: result: no
configure:16939: checking for the pthreads library -llthread
configure:16977: gcc -o conftest      conftest.c -llthread  >&5
/usr/bin/ld: cannot find -llthread
collect2: error: ld returned 1 exit status
configure:16977: $? = 1
configure: failed program was:
| /* confdefs.h */
| #define PACKAGE_NAME "libbson"
| #define PACKAGE_TARNAME "libbson"
| #define PACKAGE_VERSION "1.3.5"
| #define PACKAGE_STRING "libbson 1.3.5"
| #define PACKAGE_BUGREPORT "https://jira.mongodb.org/browse/CDRIVER"
| #define PACKAGE_URL ""
| #define HAVE_TYPEOF 1
| #define STDC_HEADERS 1
| #define HAVE_SYS_TYPES_H 1
| #define HAVE_SYS_STAT_H 1
| #define HAVE_STDLIB_H 1
| #define HAVE_STRING_H 1
| #define HAVE_MEMORY_H 1
| #define HAVE_STRINGS_H 1
| #define HAVE_INTTYPES_H 1
| #define HAVE_STDINT_H 1
| #define HAVE_UNISTD_H 1
| #define HAVE__BOOL 1
| #define HAVE_STDBOOL_H 1
| #define HAVE_DLFCN_H 1
| #define LT_OBJDIR ".libs/"
| #define HAVE_STRUCT_TIMESPEC 1
| /* end confdefs.h.  */
| #include <pthread.h>
|                         static void routine(void *a) { a = 0; }
|                         static void *start_routine(void *a) { return a; }
| int
| main ()
| {
| pthread_t th; pthread_attr_t attr;
|                         pthread_create(&th, 0, start_routine, 0);
|                         pthread_join(th, 0);
|                         pthread_attr_init(&attr);
|                         pthread_cleanup_push(routine, 0);
|                         pthread_cleanup_pop(0) /* ; */
|   ;
|   return 0;
| }
configure:16986: result: no
configure:16889: checking whether pthreads work with -pthread
configure:16977: gcc -o conftest  -pthread    conftest.c   >&5
configure:16977: $? = 0
configure:16986: result: yes
configure:17005: checking for joinable pthread attribute
configure:17020: gcc -o conftest  -pthread   conftest.c   >&5
configure:17020: $? = 0
configure:17026: result: PTHREAD_CREATE_JOINABLE
configure:17036: checking if more special flags are required for pthreads
configure:17051: result: no
configure:17057: checking for PTHREAD_PRIO_INHERIT
configure:17074: gcc -o conftest  -pthread   conftest.c   >&5
configure:17074: $? = 0
configure:17083: result: yes
configure:17197: checking whether PTHREAD_ONCE_INIT needs braces
configure:17214: gcc -c   conftest.c >&5
configure:17214: $? = 0
configure:17221: result: no
configure:17245: checking for __sync_add_and_fetch_4
configure:17258: gcc -o conftest    conftest.c  >&5
configure:17258: $? = 0
configure:17259: result: yes
configure:17277: checking for __sync_add_and_fetch_8
configure:17290: gcc -o conftest    conftest.c  >&5
configure:17290: $? = 0
configure:17291: result: yes
configure:17349: checking whether C compiler accepts -fno-strict-overflow
configure:17368: ./build/autotools/scripts/wrap-compiler-for-flag-check gcc -c  -Werror  -fno-strict-overflow  conftest.c >&5
./configure: line 1646: ./build/autotools/scripts/wrap-compiler-for-flag-check: No such file or directory
configure:17368: $? = 127
configure: failed program was:
| /* confdefs.h */
| #define PACKAGE_NAME "libbson"
| #define PACKAGE_TARNAME "libbson"
| #define PACKAGE_VERSION "1.3.5"
| #define PACKAGE_STRING "libbson 1.3.5"
| #define PACKAGE_BUGREPORT "https://jira.mongodb.org/browse/CDRIVER"
| #define PACKAGE_URL ""
| #define HAVE_TYPEOF 1
| #define STDC_HEADERS 1
| #define HAVE_SYS_TYPES_H 1
| #define HAVE_SYS_STAT_H 1
| #define HAVE_STDLIB_H 1
| #define HAVE_STRING_H 1
| #define HAVE_MEMORY_H 1
| #define HAVE_STRINGS_H 1
| #define HAVE_INTTYPES_H 1
| #define HAVE_STDINT_H 1
| #define HAVE_UNISTD_H 1
| #define HAVE__BOOL 1
| #define HAVE_STDBOOL_H 1
| #define HAVE_DLFCN_H 1
| #define LT_OBJDIR ".libs/"
| #define HAVE_STRUCT_TIMESPEC 1
| #define HAVE_PTHREAD_PRIO_INHERIT 1
| #define HAVE_PTHREAD 1
| /* end confdefs.h.  */
| 
| int
| main ()
| {
| 
|   ;
|   return 0;
| }
configure:17376: result: no
configure:17444: checking whether C compiler accepts -D_FORTIFY_SOURCE=2
configure:17463: ./build/autotools/scripts/wrap-compiler-for-flag-check gcc -c  -Werror  -D_FORTIFY_SOURCE=2  conftest.c >&5
./configure: line 1646: ./build/autotools/scripts/wrap-compiler-for-flag-check: No such file or directory
configure:17463: $? = 127
configure: failed program was:
| /* confdefs.h */
| #define PACKAGE_NAME "libbson"
| #define PACKAGE_TARNAME "libbson"
| #define PACKAGE_VERSION "1.3.5"
| #define PACKAGE_STRING "libbson 1.3.5"
| #define PACKAGE_BUGREPORT "https://jira.mongodb.org/browse/CDRIVER"
| #define PACKAGE_URL ""
| #define HAVE_TYPEOF 1
| #define STDC_HEADERS 1
| #define HAVE_SYS_TYPES_H 1
| #define HAVE_SYS_STAT_H 1
| #define HAVE_STDLIB_H 1
| #define HAVE_STRING_H 1
| #define HAVE_MEMORY_H 1
| #define HAVE_STRINGS_H 1
| #define HAVE_INTTYPES_H 1
| #define HAVE_STDINT_H 1
| #define HAVE_UNISTD_H 1
| #define HAVE__BOOL 1
| #define HAVE_STDBOOL_H 1
| #define HAVE_DLFCN_H 1
| #define LT_OBJDIR ".libs/"
| #define HAVE_STRUCT_TIMESPEC 1
| #define HAVE_PTHREAD_PRIO_INHERIT 1
| #define HAVE_PTHREAD 1
| /* end confdefs.h.  */
| 
| int
| main ()
| {
| 
|   ;
|   return 0;
| }
configure:17471: result: no
configure:17538: checking whether C compiler accepts -fstack-protector-all
configure:17557: ./build/autotools/scripts/wrap-compiler-for-flag-check gcc -c  -Werror  -fstack-protector-all  conftest.c >&5
./configure: line 1646: ./build/autotools/scripts/wrap-compiler-for-flag-check: No such file or directory
configure:17557: $? = 127
configure: failed program was:
| /* confdefs.h */
| #define PACKAGE_NAME "libbson"
| #define PACKAGE_TARNAME "libbson"
| #define PACKAGE_VERSION "1.3.5"
| #define PACKAGE_STRING "libbson 1.3.5"
| #define PACKAGE_BUGREPORT "https://jira.mongodb.org/browse/CDRIVER"
| #define PACKAGE_URL ""
| #define HAVE_TYPEOF 1
| #define STDC_HEADERS 1
| #define HAVE_SYS_TYPES_H 1
| #define HAVE_SYS_STAT_H 1
| #define HAVE_STDLIB_H 1
| #define HAVE_STRING_H 1
| #define HAVE_MEMORY_H 1
| #define HAVE_STRINGS_H 1
| #define HAVE_INTTYPES_H 1
| #define HAVE_STDINT_H 1
| #define HAVE_UNISTD_H 1
| #define HAVE__BOOL 1
| #define HAVE_STDBOOL_H 1
| #define HAVE_DLFCN_H 1
| #define LT_OBJDIR ".libs/"
| #define HAVE_STRUCT_TIMESPEC 1
| #define HAVE_PTHREAD_PRIO_INHERIT 1
| #define HAVE_PTHREAD 1
| /* end confdefs.h.  */
| 
| int
| main ()
| {
| 
|   ;
|   return 0;
| }
configure:17565: result: no
configure:17856: checking whether C compiler accepts -fPIE
configure:17875: ./build/autotools/scripts/wrap-compiler-for-flag-check gcc -c  -Werror  -fPIE  conftest.c >&5
./configure: line 1646: ./build/autotools/scripts/wrap-compiler-for-flag-check: No such file or directory
configure:17875: $? = 127
configure: failed program was:
| /* confdefs.h */
| #define PACKAGE_NAME "libbson"
| #define PACKAGE_TARNAME "libbson"
| #define PACKAGE_VERSION "1.3.5"
| #define PACKAGE_STRING "libbson 1.3.5"
| #define PACKAGE_BUGREPORT "https://jira.mongodb.org/browse/CDRIVER"
| #define PACKAGE_URL ""
| #define HAVE_TYPEOF 1
| #define STDC_HEADERS 1
| #define HAVE_SYS_TYPES_H 1
| #define HAVE_SYS_STAT_H 1
| #define HAVE_STDLIB_H 1
| #define HAVE_STRING_H 1
| #define HAVE_MEMORY_H 1
| #define HAVE_STRINGS_H 1
| #define HAVE_INTTYPES_H 1
| #define HAVE_STDINT_H 1
| #define HAVE_UNISTD_H 1
| #define HAVE__BOOL 1
| #define HAVE_STDBOOL_H 1
| #define HAVE_DLFCN_H 1
| #define LT_OBJDIR ".libs/"
| #define HAVE_STRUCT_TIMESPEC 1
| #define HAVE_PTHREAD_PRIO_INHERIT 1
| #define HAVE_PTHREAD 1
| /* end confdefs.h.  */
| 
| int
| main ()
| {
| 
|   ;
|   return 0;
| }
configure:17883: result: no
configure:18016: checking whether the linker accepts -Wl,-z,relro
configure:18035: ./build/autotools/scripts/wrap-compiler-for-flag-check gcc -o conftest    -Werror  -Wl,-z,relro conftest.c  >&5
./configure: line 1886: ./build/autotools/scripts/wrap-compiler-for-flag-check: No such file or directory
configure:18035: $? = 127
configure: failed program was:
| /* confdefs.h */
| #define PACKAGE_NAME "libbson"
| #define PACKAGE_TARNAME "libbson"
| #define PACKAGE_VERSION "1.3.5"
| #define PACKAGE_STRING "libbson 1.3.5"
| #define PACKAGE_BUGREPORT "https://jira.mongodb.org/browse/CDRIVER"
| #define PACKAGE_URL ""
| #define HAVE_TYPEOF 1
| #define STDC_HEADERS 1
| #define HAVE_SYS_TYPES_H 1
| #define HAVE_SYS_STAT_H 1
| #define HAVE_STDLIB_H 1
| #define HAVE_STRING_H 1
| #define HAVE_MEMORY_H 1
| #define HAVE_STRINGS_H 1
| #define HAVE_INTTYPES_H 1
| #define HAVE_STDINT_H 1
| #define HAVE_UNISTD_H 1
| #define HAVE__BOOL 1
| #define HAVE_STDBOOL_H 1
| #define HAVE_DLFCN_H 1
| #define LT_OBJDIR ".libs/"
| #define HAVE_STRUCT_TIMESPEC 1
| #define HAVE_PTHREAD_PRIO_INHERIT 1
| #define HAVE_PTHREAD 1
| /* end confdefs.h.  */
| 
| int
| main ()
| {
| 
|   ;
|   return 0;
| }
configure:18044: result: no
configure:19967: checking whether the linker accepts -Wl,-Bsymbolic
configure:19986: gcc -o conftest    -Werror  -Wl,-Bsymbolic conftest.c  >&5
configure:19986: $? = 0
configure:19995: result: yes
configure:20188: checking if LD -Wl,--version-script works
configure:20206: gcc -o conftest  -O2   -Wl,--version-script=conftest.map conftest.c  >&5
/usr/bin/ld:conftest.map:2: syntax error in VERSION script
collect2: error: ld returned 1 exit status
configure:20206: $? = 1
configure: failed program was:
| /* confdefs.h */
| #define PACKAGE_NAME "libbson"
| #define PACKAGE_TARNAME "libbson"
| #define PACKAGE_VERSION "1.3.5"
| #define PACKAGE_STRING "libbson 1.3.5"
| #define PACKAGE_BUGREPORT "https://jira.mongodb.org/browse/CDRIVER"
| #define PACKAGE_URL ""
| #define HAVE_TYPEOF 1
| #define STDC_HEADERS 1
| #define HAVE_SYS_TYPES_H 1
| #define HAVE_SYS_STAT_H 1
| #define HAVE_STDLIB_H 1
| #define HAVE_STRING_H 1
| #define HAVE_MEMORY_H 1
| #define HAVE_STRINGS_H 1
| #define HAVE_INTTYPES_H 1
| #define HAVE_STDINT_H 1
| #define HAVE_UNISTD_H 1
| #define HAVE__BOOL 1
| #define HAVE_STDBOOL_H 1
| #define HAVE_DLFCN_H 1
| #define LT_OBJDIR ".libs/"
| #define HAVE_STRUCT_TIMESPEC 1
| #define HAVE_PTHREAD_PRIO_INHERIT 1
| #define HAVE_PTHREAD 1
| /* end confdefs.h.  */
| 
| int
| main ()
| {
| 
|   ;
|   return 0;
| }
configure:20234: gcc -o conftest  -O2   -Wl,--version-script=conftest.map conftest.c  >&5
configure:20234: $? = 0
configure:20246: result: yes
configure:20263: checking whether build environment is sane
configure:20318: result: yes
configure:20466: checking for a thread-safe mkdir -p
configure:20505: result: /bin/mkdir -p
configure:20508: checking whether make sets $(MAKE)
configure:20530: result: yes
configure:20560: checking for style of include used by make
configure:20588: result: GNU
configure:20622: checking whether make supports nested variables
configure:20639: result: yes
configure:20728: checking whether UID '1000' is supported by ustar format
configure:20731: result: yes
configure:20738: checking whether GID '1000' is supported by ustar format
configure:20741: result: yes
configure:20749: checking how to create a ustar tar archive
configure:20760: tar --version
tar (GNU tar) 1.28
Copyright (C) 2014 Free Software Foundation, Inc.
License GPLv3+: GNU GPL version 3 or later <http://gnu.org/licenses/gpl.html>.
This is free software: you are free to change and redistribute it.
There is NO WARRANTY, to the extent permitted by law.

Written by John Gilmore and Jay Fenlason.
configure:20763: $? = 0
configure:20803: tardir=conftest.dir && eval tar --format=ustar -chf - "$tardir" >conftest.tar
configure:20806: $? = 0
configure:20810: tar -xf - <conftest.tar
configure:20813: $? = 0
configure:20815: cat conftest.dir/file
GrepMe
configure:20818: $? = 0
configure:20831: result: gnutar
configure:20840: checking dependency style of gcc
configure:20951: result: gcc3
configure:20968: checking dependency style of g++
configure:21079: result: gcc3
configure:21137: checking whether to enable maintainer-specific portions of Makefiles
configure:21146: result: yes
configure:21170: checking whether make supports nested variables
configure:21187: result: yes
configure:21485: checking that generated files are newer than configure
configure:21491: result: done
configure:21578: creating ./config.status

## ---------------------- ##
## Running config.status. ##
## ---------------------- ##

This file was extended by libbson config.status 1.3.5, which was
generated by GNU Autoconf 2.69.  Invocation command line was

  CONFIG_FILES    = 
  CONFIG_HEADERS  = 
  CONFIG_LINKS    = 
  CONFIG_COMMANDS = 
  $ ./config.status 

on sathish-VirtualBox

config.status:1152: creating Makefile
config.status:1152: creating src/libbson-1.0.pc
config.status:1152: creating src/bson/bson-config.h
config.status:1152: creating src/bson/bson-version.h
config.status:1152: creating doc/installing.page
config.status:1152: creating doc/version.page
config.status:1324: executing libtool commands
config.status:1324: executing depfiles commands

## ---------------- ##
## Cache variables. ##
## ---------------- ##

ac_cv_build=x86_64-unknown-linux-gnu
ac_cv_c_bigendian=no
ac_cv_c_compiler_gnu=yes
ac_cv_c_const=yes
ac_cv_c_inline=inline
ac_cv_c_typeof=typeof
ac_cv_cxx_compiler_gnu=yes
ac_cv_env_CCC_set=
ac_cv_env_CCC_value=
ac_cv_env_CC_set=
ac_cv_env_CC_value=
ac_cv_env_CFLAGS_set=
ac_cv_env_CFLAGS_value=
ac_cv_env_CPPFLAGS_set=
ac_cv_env_CPPFLAGS_value=
ac_cv_env_CPP_set=
ac_cv_env_CPP_value=
ac_cv_env_CXXCPP_set=
ac_cv_env_CXXCPP_value=
ac_cv_env_CXXFLAGS_set=
ac_cv_env_CXXFLAGS_value=
ac_cv_env_CXX_set=
ac_cv_env_CXX_value=
ac_cv_env_LDFLAGS_set=
ac_cv_env_LDFLAGS_value=
ac_cv_env_LIBS_set=
ac_cv_env_LIBS_value=
ac_cv_env_build_alias_set=
ac_cv_env_build_alias_value=
ac_cv_env_host_alias_set=
ac_cv_env_host_alias_value=
ac_cv_env_target_alias_set=
ac_cv_env_target_alias_value=
ac_cv_func__set_output_format=no
ac_cv_func_snprintf=yes
ac_cv_func_strnlen=yes
ac_cv_header_dlfcn_h=yes
ac_cv_header_inttypes_h=yes
ac_cv_header_memory_h=yes
ac_cv_header_stdbool_h=yes
ac_cv_header_stdc=yes
ac_cv_header_stdint=stdint.h
ac_cv_header_stdint_h=yes
ac_cv_header_stdint_o=no-file
ac_cv_header_stdint_test=no
ac_cv_header_stdint_u=no-file
ac_cv_header_stdint_x=stdint.h
ac_cv_header_stdlib_h=yes
ac_cv_header_string_h=yes
ac_cv_header_strings_h=yes
ac_cv_header_sys_stat_h=yes
ac_cv_header_sys_types_h=yes
ac_cv_header_unistd_h=yes
ac_cv_host=x86_64-unknown-linux-gnu
ac_cv_objext=o
ac_cv_path_EGREP='/bin/grep -E'
ac_cv_path_FGREP='/bin/grep -F'
ac_cv_path_GREP=/bin/grep
ac_cv_path_MV=/bin/mv
ac_cv_path_PERL=/usr/bin/perl
ac_cv_path_SED=/bin/sed
ac_cv_path_install='/usr/bin/install -c'
ac_cv_path_mkdir=/bin/mkdir
ac_cv_prog_AWK=gawk
ac_cv_prog_CPP='gcc -E'
ac_cv_prog_CXXCPP='g++ -E'
ac_cv_prog_ac_ct_AR=ar
ac_cv_prog_ac_ct_CC=gcc
ac_cv_prog_ac_ct_CXX=g++
ac_cv_prog_ac_ct_DLLTOOL=dlltool
ac_cv_prog_ac_ct_MANIFEST_TOOL=mt
ac_cv_prog_ac_ct_OBJDUMP=objdump
ac_cv_prog_ac_ct_RANLIB=ranlib
ac_cv_prog_ac_ct_STRIP=strip
ac_cv_prog_cc_c89=
ac_cv_prog_cc_g=yes
ac_cv_prog_cxx_g=yes
ac_cv_prog_make_make_set=yes
ac_cv_search_clock_gettime='none required'
ac_cv_sizeof_X=::::
ac_cv_sizeof_x=:
ac_cv_target=x86_64-unknown-linux-gnu
ac_cv_type__Bool=yes
ac_cv_type_int_fast32_t=yes
ac_cv_type_int_least32_t=yes
ac_cv_type_struct_timespec=yes
ac_cv_type_uint64_t=yes
ac_cv_type_uintptr_t=yes
am_cv_CC_dependencies_compiler_type=gcc3
am_cv_CXX_dependencies_compiler_type=gcc3
am_cv_make_support_nested_variables=yes
am_cv_prog_cc_c_o=yes
am_cv_prog_tar_ustar=gnutar
ax_cv_PTHREAD_PRIO_INHERIT=yes
ax_cv_check_cflags__Werror___D_FORTIFY_SOURCE_2=no
ax_cv_check_cflags__Werror___fPIE=no
ax_cv_check_cflags__Werror___fno_strict_overflow=no
ax_cv_check_cflags__Werror___fstack_protector_all=no
ax_cv_check_ldflags__Werror___Wl__Bsymbolic=yes
ax_cv_check_ldflags__Werror___Wl__z_relro=no
bson_cv_need_braces_on_pthread_once_init=no
lt_cv_ar_at_file=@
lt_cv_archive_cmds_need_lc=no
lt_cv_deplibs_check_method=pass_all
lt_cv_file_magic_cmd='$MAGIC_CMD'
lt_cv_file_magic_test_file=
lt_cv_ld_reload_flag=-r
lt_cv_nm_interface='BSD nm'
lt_cv_objdir=.libs
lt_cv_path_LD=/usr/bin/ld
lt_cv_path_LDCXX='/usr/bin/ld -m elf_x86_64'
lt_cv_path_NM='/usr/bin/nm -B'
lt_cv_path_mainfest_tool=no
lt_cv_prog_compiler_c_o=yes
lt_cv_prog_compiler_c_o_CXX=yes
lt_cv_prog_compiler_pic='-fPIC -DPIC'
lt_cv_prog_compiler_pic_CXX='-fPIC -DPIC'
lt_cv_prog_compiler_pic_works=yes
lt_cv_prog_compiler_pic_works_CXX=yes
lt_cv_prog_compiler_rtti_exceptions=no
lt_cv_prog_compiler_static_works=yes
lt_cv_prog_compiler_static_works_CXX=yes
lt_cv_prog_gnu_ld=yes
lt_cv_prog_gnu_ldcxx=yes
lt_cv_sharedlib_from_linklib_cmd='printf %s\n'
lt_cv_shlibpath_overrides_runpath=no
lt_cv_sys_global_symbol_pipe='sed -n -e '\''s/^.*[	 ]\([ABCDGIRSTW][ABCDGIRSTW]*\)[	 ][	 ]*\([_A-Za-z][_A-Za-z0-9]*\)$/\1 \2 \2/p'\'' | sed '\''/ __gnu_lto/d'\'''
lt_cv_sys_global_symbol_to_c_name_address='sed -n -e '\''s/^: \([^ ]*\)[ ]*$/  {\"\1\", (void *) 0},/p'\'' -e '\''s/^[ABCDGIRSTW]* \([^ ]*\) \([^ ]*\)$/  {"\2", (void *) \&\2},/p'\'''
lt_cv_sys_global_symbol_to_c_name_address_lib_prefix='sed -n -e '\''s/^: \([^ ]*\)[ ]*$/  {\"\1\", (void *) 0},/p'\'' -e '\''s/^[ABCDGIRSTW]* \([^ ]*\) \(lib[^ ]*\)$/  {"\2", (void *) \&\2},/p'\'' -e '\''s/^[ABCDGIRSTW]* \([^ ]*\) \([^ ]*\)$/  {"lib\2", (void *) \&\2},/p'\'''
lt_cv_sys_global_symbol_to_cdecl='sed -n -e '\''s/^T .* \(.*\)$/extern int \1();/p'\'' -e '\''s/^[ABCDGIRSTW]* .* \(.*\)$/extern char \1;/p'\'''
lt_cv_sys_max_cmd_len=1572864
lt_cv_to_host_file_cmd=func_convert_file_noop
lt_cv_to_tool_file_cmd=func_convert_file_noop

## ----------------- ##
## Output variables. ##
## ----------------- ##

ACLOCAL='${SHELL} /home/sathish/WorkingCode/ReadCSVFile/libbson-1.3.5/build/autotools/missing aclocal-1.14'
ACLOCAL_AMFLAGS='-I build/autotools'
AMDEPBACKSLASH='\'
AMDEP_FALSE='#'
AMDEP_TRUE=''
AMTAR='$${TAR-tar}'
AM_BACKSLASH='\'
AM_DEFAULT_V='$(AM_DEFAULT_VERBOSITY)'
AM_DEFAULT_VERBOSITY='0'
AM_V='$(V)'
AR='ar'
AS='as'
AUTOCONF='${SHELL} /home/sathish/WorkingCode/ReadCSVFile/libbson-1.3.5/build/autotools/missing autoconf'
AUTOHEADER='${SHELL} /home/sathish/WorkingCode/ReadCSVFile/libbson-1.3.5/build/autotools/missing autoheader'
AUTOMAKE='${SHELL} /home/sathish/WorkingCode/ReadCSVFile/libbson-1.3.5/build/autotools/missing automake-1.14'
AWK='gawk'
BSON_API_VERSION='1.0'
BSON_BYTE_ORDER='1234'
BSON_EXTRA_ALIGN='1'
BSON_HAVE_ATOMIC_32_ADD_AND_FETCH='1'
BSON_HAVE_ATOMIC_64_ADD_AND_FETCH='1'
BSON_HAVE_CLOCK_GETTIME='1'
BSON_HAVE_SNPRINTF='1'
BSON_HAVE_STDBOOL_H='1'
BSON_HAVE_STRNLEN='1'
BSON_HAVE_TIMESPEC='1'
BSON_MAJOR_VERSION='1'
BSON_MICRO_VERSION='5'
BSON_MINOR_VERSION='3'
BSON_NEEDS_SET_OUTPUT_FORMAT='0'
BSON_OS='1'
BSON_PRERELEASE_VERSION=''
BSON_PTHREAD_ONCE_INIT_NEEDS_BRACES='0'
BSON_RELEASED_MAJOR_VERSION='1'
BSON_RELEASED_MICRO_VERSION='5'
BSON_RELEASED_MINOR_VERSION='3'
BSON_RELEASED_PRERELEASE_VERSION=''
BSON_RELEASED_VERSION='1.3.5'
BSON_VERSION='1.3.5'
CAN_ABI_CHECK_FALSE=''
CAN_ABI_CHECK_TRUE='#'
CC='gcc'
CCDEPMODE='depmode=gcc3'
CFLAGS=' -O2'
COMPILER_CLANG_FALSE=''
COMPILER_CLANG_TRUE='#'
COMPILER_GCC_FALSE=''
COMPILER_GCC_TRUE='#'
COVERAGE_CFLAGS=''
COVERAGE_LDFLAGS=''
CPP='gcc -E'
CPPFLAGS=''
CXX='g++'
CXXCPP='g++ -E'
CXXDEPMODE='depmode=gcc3'
CXXFLAGS=''
CYGPATH_W='echo'
DEFS='-DPACKAGE_NAME=\"libbson\" -DPACKAGE_TARNAME=\"libbson\" -DPACKAGE_VERSION=\"1.3.5\" -DPACKAGE_STRING=\"libbson\ 1.3.5\" -DPACKAGE_BUGREPORT=\"https://jira.mongodb.org/browse/CDRIVER\" -DPACKAGE_URL=\"\" -DHAVE_TYPEOF=1 -DSTDC_HEADERS=1 -DHAVE_SYS_TYPES_H=1 -DHAVE_SYS_STAT_H=1 -DHAVE_STDLIB_H=1 -DHAVE_STRING_H=1 -DHAVE_MEMORY_H=1 -DHAVE_STRINGS_H=1 -DHAVE_INTTYPES_H=1 -DHAVE_STDINT_H=1 -DHAVE_UNISTD_H=1 -DHAVE__BOOL=1 -DHAVE_STDBOOL_H=1 -DHAVE_DLFCN_H=1 -DLT_OBJDIR=\".libs/\" -DHAVE_STRUCT_TIMESPEC=1 -DHAVE_PTHREAD_PRIO_INHERIT=1 -DHAVE_PTHREAD=1 -DPACKAGE=\"libbson\" -DVERSION=\"1.3.5\"'
DEPDIR='.deps'
DLLTOOL='dlltool'
DSYMUTIL=''
DUMPBIN=''
ECHO_C=''
ECHO_N='-n'
ECHO_T=''
EGREP='/bin/grep -E'
ENABLE_DEBUG_FALSE=''
ENABLE_DEBUG_TRUE='#'
ENABLE_HTML_DOCS_FALSE=''
ENABLE_HTML_DOCS_TRUE='#'
ENABLE_MAN_PAGES_FALSE=''
ENABLE_MAN_PAGES_TRUE='#'
ENABLE_PTHREADS_FALSE=''
ENABLE_PTHREADS_TRUE='#'
ENABLE_STDBOOL_FALSE=''
ENABLE_STDBOOL_TRUE='#'
EXEEXT=''
FGREP='/bin/grep -F'
GREP='/bin/grep'
HARDEN_CFLAGS=''
HARDEN_LDFLAGS=''
HAVE_LD_VERSION_SCRIPT_FALSE='#'
HAVE_LD_VERSION_SCRIPT_TRUE=''
INSTALL_DATA='${INSTALL} -m 644'
INSTALL_PROGRAM='${INSTALL}'
INSTALL_SCRIPT='${INSTALL}'
INSTALL_STRIP_PROGRAM='$(install_sh) -c -s'
LD='/usr/bin/ld -m elf_x86_64'
LDFLAGS=''
LIBC_FEATURES='-D_GNU_SOURCE'
LIBOBJS=''
LIBS=''
LIBTOOL='$(SHELL) $(top_builddir)/libtool'
LIPO=''
LN_S='ln -s'
LTLIBOBJS=''
MAINT=''
MAINTAINER_CFLAGS=''
MAINTAINER_MODE_FALSE='#'
MAINTAINER_MODE_TRUE=''
MAKEINFO='${SHELL} /home/sathish/WorkingCode/ReadCSVFile/libbson-1.3.5/build/autotools/missing makeinfo'
MANIFEST_TOOL=':'
MKDIR_P='/bin/mkdir -p'
MV='/bin/mv'
NM='/usr/bin/nm -B'
NMEDIT=''
OBJDUMP='objdump'
OBJEXT='o'
OPTIMIZE_CFLAGS=''
OPTIMIZE_LDFLAGS=' -Wl,-Bsymbolic'
OS_DARWIN_FALSE=''
OS_DARWIN_TRUE='#'
OS_FREEBSD_FALSE=''
OS_FREEBSD_TRUE='#'
OS_GNU_FALSE='#'
OS_GNU_TRUE=''
OS_LINUX_FALSE='#'
OS_LINUX_TRUE=''
OS_UNIX_FALSE='#'
OS_UNIX_TRUE=''
OS_WIN32_FALSE=''
OS_WIN32_TRUE='#'
OTOOL64=''
OTOOL=''
PACKAGE='libbson'
PACKAGE_BUGREPORT='https://jira.mongodb.org/browse/CDRIVER'
PACKAGE_NAME='libbson'
PACKAGE_STRING='libbson 1.3.5'
PACKAGE_TARNAME='libbson'
PACKAGE_URL=''
PACKAGE_VERSION='1.3.5'
PATH_SEPARATOR=':'
PERL='/usr/bin/perl'
PTHREAD_CC='gcc'
PTHREAD_CFLAGS='-pthread'
PTHREAD_LIBS=''
RANLIB='ranlib'
SED='/bin/sed'
SET_MAKE=''
SHELL='/bin/bash'
SOCKET_CFLAGS=''
SOCKET_LDFLAGS=''
STRIP='strip'
VERSION='1.3.5'
YELP_BUILD=''
ac_ct_AR='ar'
ac_ct_CC='gcc'
ac_ct_CXX='g++'
ac_ct_DUMPBIN=''
am__EXEEXT_FALSE=''
am__EXEEXT_TRUE='#'
am__fastdepCC_FALSE='#'
am__fastdepCC_TRUE=''
am__fastdepCXX_FALSE='#'
am__fastdepCXX_TRUE=''
am__include='include'
am__isrc=''
am__leading_dot='.'
am__nodep='_no'
am__quote=''
am__tar='tar --format=ustar -chf - "$$tardir"'
am__untar='tar -xf -'
ax_pthread_config=''
bindir='${exec_prefix}/bin'
build='x86_64-unknown-linux-gnu'
build_alias=''
build_cpu='x86_64'
build_os='linux-gnu'
build_vendor='unknown'
datadir='${datarootdir}'
datarootdir='${prefix}/share'
docdir='${datarootdir}/doc/${PACKAGE_TARNAME}'
dvidir='${docdir}'
exec_prefix='${prefix}'
host='x86_64-unknown-linux-gnu'
host_alias=''
host_cpu='x86_64'
host_os='linux-gnu'
host_vendor='unknown'
htmldir='${docdir}'
includedir='${prefix}/include'
infodir='${datarootdir}/info'
install_sh='${SHELL} /home/sathish/WorkingCode/ReadCSVFile/libbson-1.3.5/build/autotools/install-sh'
libdir='/usr/lib64'
libexecdir='${exec_prefix}/libexec'
localedir='${datarootdir}/locale'
localstatedir='${prefix}/var'
mandir='${datarootdir}/man'
mkdir_p='$(MKDIR_P)'
oldincludedir='/usr/include'
pdfdir='${docdir}'
prefix='/usr'
program_transform_name='s,x,x,'
psdir='${docdir}'
sbindir='${exec_prefix}/sbin'
sharedstatedir='${prefix}/com'
sysconfdir='${prefix}/etc'
target='x86_64-unknown-linux-gnu'
target_alias=''
target_cpu='x86_64'
target_os='linux-gnu'
target_vendor='unknown'

## ----------- ##
## confdefs.h. ##
## ----------- ##

/* confdefs.h */
#define PACKAGE_NAME "libbson"
#define PACKAGE_TARNAME "libbson"
#define PACKAGE_VERSION "1.3.5"
#define PACKAGE_STRING "libbson 1.3.5"
#define PACKAGE_BUGREPORT "https://jira.mongodb.org/browse/CDRIVER"
#define PACKAGE_URL ""
#define HAVE_TYPEOF 1
#define STDC_HEADERS 1
#define HAVE_SYS_TYPES_H 1
#define HAVE_SYS_STAT_H 1
#define HAVE_STDLIB_H 1
#define HAVE_STRING_H 1
#define HAVE_MEMORY_H 1
#define HAVE_STRINGS_H 1
#define HAVE_INTTYPES_H 1
#define HAVE_STDINT_H 1
#define HAVE_UNISTD_H 1
#define HAVE__BOOL 1
#define HAVE_STDBOOL_H 1
#define HAVE_DLFCN_H 1
#define LT_OBJDIR ".libs/"
#define HAVE_STRUCT_TIMESPEC 1
#define HAVE_PTHREAD_PRIO_INHERIT 1
#define HAVE_PTHREAD 1
#define PACKAGE "libbson"
#define VERSION "1.3.5"

configure: exit 0
